2024.11.28 13:51:11 INFO  Started: Metals version 1.4.1 in folders '/home/cytech/Desktop/Cloud data/actors/tp-actors-cytech' for client Visual Studio Code 1.95.1.
2024.11.28 13:51:13 WARN  Flyway upgrade recommended: H2 2.3.232 is newer than this version of Flyway and support has not been tested. The latest supported version of H2 is 2.2.224.
2024.11.28 13:51:13 INFO  Attempting to connect to the build server...
2024.11.28 13:51:13 INFO  Found a Bloop server running
2024.11.28 13:51:13 INFO  tracing is disabled for protocol BSP, to enable tracing of incoming and outgoing JSON messages create an empty file at /home/cytech/Desktop/Cloud data/actors/tp-actors-cytech/.metals/bsp.trace.json or /home/cytech/.cache/metals/bsp.trace.json
2024.11.28 13:51:13 INFO  time: Connected to build server in 0.35s
2024.11.28 13:51:13 INFO  Connected to Build server: Bloop v2.0.5
2024.11.28 13:51:13 INFO  running doctor check
2024.11.28 13:51:13 INFO  java targets: root-test, root
Nov 28, 2024 1:51:17 PM org.eclipse.lsp4j.jsonrpc.RemoteEndpoint handleCancellation
WARNING: Unmatched cancel notification for request id 1
2024.11.28 13:51:17 WARN  Could not find java sources in /usr/lib/jvm/src.zip, /usr/lib/jvm/lib/src.zip, /usr/lib/jvm/java-21-openjdk-amd64/src.zip, /usr/lib/jvm/java-21-openjdk-amd64/lib/src.zip. Java symbols will not be available.
2024.11.28 13:51:21 WARN  Could not find java sources in /usr/lib/jvm/src.zip, /usr/lib/jvm/lib/src.zip, /usr/lib/jvm/java-21-openjdk-amd64/src.zip, /usr/lib/jvm/java-21-openjdk-amd64/lib/src.zip. Java symbols will not be available.
2024.11.28 13:51:21 INFO  time: indexed workspace in 7.59s
2024.11.28 13:51:21 INFO  compiling root (1 scala source)
Nov 28, 2024 1:51:22 PM org.eclipse.lsp4j.jsonrpc.services.GenericEndpoint notify
INFO: Unsupported notification method: $/setTrace
2024.11.28 13:51:24 INFO  time: compiled root in 2.48s
2024.11.28 13:51:24 INFO  compiling root (1 scala source)
2024.11.28 13:51:24 WARN  Could not load snapshot text for /home/cytech/Desktop/Cloud data/actors/tp-actors-cytech/src/main/scala/RoomActor.scala
2024.11.28 13:51:24 WARN  Could not load snapshot text for /home/cytech/Desktop/Cloud data/actors/tp-actors-cytech/src/main/scala/RoomActor.scala
2024.11.28 13:51:24 INFO  time: compiled root in 0.83s
2024.11.28 13:53:27 WARN  Could not load snapshot text for /home/cytech/Desktop/Cloud data/actors/tp-actors-cytech/src/main/scala/RoomActor.scala
2024.11.28 13:53:32 WARN  Could not load snapshot text for /home/cytech/Desktop/Cloud data/actors/tp-actors-cytech/src/main/scala/RoomActor.scala
2024.11.28 13:54:10 WARN  Could not load snapshot text for /home/cytech/Desktop/Cloud data/actors/tp-actors-cytech/src/main/scala/RoomActor.scala
Nov 28, 2024 1:54:10 PM org.eclipse.lsp4j.jsonrpc.RemoteEndpoint handleCancellation
WARNING: Unmatched cancel notification for request id 72
2024.11.28 13:54:11 WARN  Could not load snapshot text for /home/cytech/Desktop/Cloud data/actors/tp-actors-cytech/src/main/scala/RoomActor.scala
2024.11.28 13:54:11 WARN  Could not load snapshot text for /home/cytech/Desktop/Cloud data/actors/tp-actors-cytech/src/main/scala/RoomActor.scala
2024.11.28 13:54:12 WARN  Could not load snapshot text for /home/cytech/Desktop/Cloud data/actors/tp-actors-cytech/src/main/scala/RoomActor.scala
2024.11.28 13:54:13 INFO  compiling root (1 scala source)
2024.11.28 13:54:13 WARN  Could not load snapshot text for /home/cytech/Desktop/Cloud data/actors/tp-actors-cytech/src/main/scala/RoomActor.scala
2024.11.28 13:54:13 INFO  time: compiled root in 1s
2024.11.28 13:54:14 INFO  compiling root (1 scala source)
2024.11.28 13:54:14 WARN  Could not load snapshot text for /home/cytech/Desktop/Cloud data/actors/tp-actors-cytech/src/main/scala/RoomActor.scala
2024.11.28 13:54:14 INFO  time: compiled root in 0.6s
2024.11.28 13:54:15 WARN  Could not load snapshot text for /home/cytech/Desktop/Cloud data/actors/tp-actors-cytech/src/main/scala/RoomActor.scala
2024.11.28 13:54:41 WARN  Could not load snapshot text for /home/cytech/Desktop/Cloud data/actors/tp-actors-cytech/src/main/scala/RoomActor.scala
2024.11.28 13:54:42 INFO  compiling root (1 scala source)
2024.11.28 13:54:42 INFO  time: compiled root in 0.39s
2024.11.28 13:54:43 WARN  Could not load snapshot text for /home/cytech/Desktop/Cloud data/actors/tp-actors-cytech/src/main/scala/RoomActor.scala
2024.11.28 13:54:43 WARN  Could not load snapshot text for /home/cytech/Desktop/Cloud data/actors/tp-actors-cytech/src/main/scala/RoomActor.scala
2024.11.28 13:54:44 INFO  compiling root (1 scala source)
2024.11.28 13:54:44 INFO  time: compiled root in 0.25s
2024.11.28 13:54:44 WARN  Could not load snapshot text for /home/cytech/Desktop/Cloud data/actors/tp-actors-cytech/src/main/scala/RoomActor.scala
2024.11.28 13:54:47 WARN  Could not load snapshot text for /home/cytech/Desktop/Cloud data/actors/tp-actors-cytech/src/main/scala/RoomActor.scala
2024.11.28 13:54:48 INFO  compiling root (1 scala source)
2024.11.28 13:54:48 INFO  time: compiled root in 0.28s
2024.11.28 13:54:49 WARN  Could not load snapshot text for /home/cytech/Desktop/Cloud data/actors/tp-actors-cytech/src/main/scala/RoomActor.scala
2024.11.28 13:54:52 WARN  Could not load snapshot text for /home/cytech/Desktop/Cloud data/actors/tp-actors-cytech/src/main/scala/RoomActor.scala
2024.11.28 13:54:53 INFO  compiling root (1 scala source)
2024.11.28 13:54:53 INFO  time: compiled root in 0.23s
2024.11.28 13:54:54 WARN  Could not load snapshot text for /home/cytech/Desktop/Cloud data/actors/tp-actors-cytech/src/main/scala/RoomActor.scala
2024.11.28 13:54:54 WARN  Could not load snapshot text for /home/cytech/Desktop/Cloud data/actors/tp-actors-cytech/src/main/scala/RoomActor.scala
2024.11.28 13:54:55 INFO  compiling root (1 scala source)
2024.11.28 13:54:55 INFO  time: compiled root in 0.2s
2024.11.28 13:54:56 WARN  Could not load snapshot text for /home/cytech/Desktop/Cloud data/actors/tp-actors-cytech/src/main/scala/RoomActor.scala
2024.11.28 13:55:00 WARN  Could not load snapshot text for /home/cytech/Desktop/Cloud data/actors/tp-actors-cytech/src/main/scala/RoomActor.scala
2024.11.28 13:55:00 INFO  compiling root (1 scala source)
2024.11.28 13:55:01 WARN  Could not load snapshot text for /home/cytech/Desktop/Cloud data/actors/tp-actors-cytech/src/main/scala/RoomActor.scala
2024.11.28 13:55:00 INFO  time: compiled root in 0.28s
2024.11.28 13:55:01 WARN  Could not load snapshot text for /home/cytech/Desktop/Cloud data/actors/tp-actors-cytech/src/main/scala/RoomActor.scala
2024.11.28 13:55:04 WARN  Could not load snapshot text for /home/cytech/Desktop/Cloud data/actors/tp-actors-cytech/src/main/scala/RoomActor.scala
2024.11.28 13:55:05 INFO  compiling root (1 scala source)
2024.11.28 13:55:05 INFO  time: compiled root in 0.21s
2024.11.28 13:55:05 WARN  Could not load snapshot text for /home/cytech/Desktop/Cloud data/actors/tp-actors-cytech/src/main/scala/RoomActor.scala
2024.11.28 13:55:05 WARN  Could not load snapshot text for /home/cytech/Desktop/Cloud data/actors/tp-actors-cytech/src/main/scala/RoomActor.scala
2024.11.28 13:55:06 INFO  compiling root (1 scala source)
2024.11.28 13:55:06 INFO  time: compiled root in 0.17s
2024.11.28 13:55:06 WARN  Could not load snapshot text for /home/cytech/Desktop/Cloud data/actors/tp-actors-cytech/src/main/scala/RoomActor.scala
2024.11.28 13:55:13 WARN  Could not load snapshot text for /home/cytech/Desktop/Cloud data/actors/tp-actors-cytech/src/main/scala/RoomActor.scala
2024.11.28 13:55:14 WARN  Could not load snapshot text for /home/cytech/Desktop/Cloud data/actors/tp-actors-cytech/src/main/scala/RoomActor.scala
2024.11.28 13:55:14 WARN  Could not load snapshot text for /home/cytech/Desktop/Cloud data/actors/tp-actors-cytech/src/main/scala/RoomActor.scala
2024.11.28 13:55:15 INFO  compiling root (1 scala source)
2024.11.28 13:55:15 INFO  time: compiled root in 0.19s
2024.11.28 13:55:16 WARN  Could not load snapshot text for /home/cytech/Desktop/Cloud data/actors/tp-actors-cytech/src/main/scala/RoomActor.scala
2024.11.28 13:55:16 WARN  Could not load snapshot text for /home/cytech/Desktop/Cloud data/actors/tp-actors-cytech/src/main/scala/RoomActor.scala
2024.11.28 13:55:17 INFO  compiling root (1 scala source)
2024.11.28 13:55:17 INFO  time: compiled root in 0.15s
2024.11.28 13:55:17 WARN  Could not load snapshot text for /home/cytech/Desktop/Cloud data/actors/tp-actors-cytech/src/main/scala/RoomActor.scala
2024.11.28 13:55:18 WARN  Could not load snapshot text for /home/cytech/Desktop/Cloud data/actors/tp-actors-cytech/src/main/scala/RoomActor.scala
2024.11.28 13:55:19 WARN  Could not load snapshot text for /home/cytech/Desktop/Cloud data/actors/tp-actors-cytech/src/main/scala/RoomActor.scala
2024.11.28 13:55:19 WARN  Could not load snapshot text for /home/cytech/Desktop/Cloud data/actors/tp-actors-cytech/src/main/scala/RoomActor.scala
2024.11.28 13:55:21 WARN  Could not load snapshot text for /home/cytech/Desktop/Cloud data/actors/tp-actors-cytech/src/main/scala/RoomActor.scala
2024.11.28 13:55:22 WARN  Could not load snapshot text for /home/cytech/Desktop/Cloud data/actors/tp-actors-cytech/src/main/scala/RoomActor.scala
2024.11.28 13:55:22 WARN  Could not load snapshot text for /home/cytech/Desktop/Cloud data/actors/tp-actors-cytech/src/main/scala/RoomActor.scala
2024.11.28 13:55:23 WARN  Could not load snapshot text for /home/cytech/Desktop/Cloud data/actors/tp-actors-cytech/src/main/scala/RoomActor.scala
2024.11.28 13:55:23 WARN  Could not load snapshot text for /home/cytech/Desktop/Cloud data/actors/tp-actors-cytech/src/main/scala/RoomActor.scala
2024.11.28 13:55:23 WARN  Could not load snapshot text for /home/cytech/Desktop/Cloud data/actors/tp-actors-cytech/src/main/scala/RoomActor.scala
2024.11.28 13:55:24 INFO  compiling root (1 scala source)
2024.11.28 13:55:24 INFO  time: compiled root in 0.19s
2024.11.28 13:55:25 WARN  Could not load snapshot text for /home/cytech/Desktop/Cloud data/actors/tp-actors-cytech/src/main/scala/RoomActor.scala
2024.11.28 13:55:26 INFO  compiling root (1 scala source)
2024.11.28 13:55:26 INFO  time: compiled root in 0.18s
2024.11.28 13:55:26 WARN  Could not load snapshot text for /home/cytech/Desktop/Cloud data/actors/tp-actors-cytech/src/main/scala/RoomActor.scala
2024.11.28 13:55:28 WARN  Could not load snapshot text for /home/cytech/Desktop/Cloud data/actors/tp-actors-cytech/src/main/scala/RoomActor.scala
2024.11.28 13:55:28 WARN  Could not load snapshot text for /home/cytech/Desktop/Cloud data/actors/tp-actors-cytech/src/main/scala/RoomActor.scala
2024.11.28 13:55:29 INFO  compiling root (1 scala source)
2024.11.28 13:55:29 INFO  time: compiled root in 0.14s
2024.11.28 13:55:30 WARN  Could not load snapshot text for /home/cytech/Desktop/Cloud data/actors/tp-actors-cytech/src/main/scala/RoomActor.scala
2024.11.28 13:55:38 WARN  Could not load snapshot text for /home/cytech/Desktop/Cloud data/actors/tp-actors-cytech/src/main/scala/RoomActor.scala
2024.11.28 13:55:39 INFO  compiling root (1 scala source)
2024.11.28 13:55:40 WARN  Could not load snapshot text for /home/cytech/Desktop/Cloud data/actors/tp-actors-cytech/src/main/scala/RoomActor.scala
2024.11.28 13:55:40 INFO  time: compiled root in 1.02s
2024.11.28 13:55:40 WARN  Could not load snapshot text for /home/cytech/Desktop/Cloud data/actors/tp-actors-cytech/src/main/scala/RoomActor.scala
2024.11.28 13:55:41 WARN  Could not load snapshot text for /home/cytech/Desktop/Cloud data/actors/tp-actors-cytech/src/main/scala/RoomActor.scala
2024.11.28 13:55:41 WARN  Could not load snapshot text for /home/cytech/Desktop/Cloud data/actors/tp-actors-cytech/src/main/scala/RoomActor.scala
2024.11.28 13:55:42 WARN  Could not load snapshot text for /home/cytech/Desktop/Cloud data/actors/tp-actors-cytech/src/main/scala/RoomActor.scala
2024.11.28 13:55:43 WARN  Could not load snapshot text for /home/cytech/Desktop/Cloud data/actors/tp-actors-cytech/src/main/scala/RoomActor.scala
2024.11.28 13:55:43 WARN  Could not load snapshot text for /home/cytech/Desktop/Cloud data/actors/tp-actors-cytech/src/main/scala/RoomActor.scala
2024.11.28 13:55:44 INFO  compiling root (1 scala source)
2024.11.28 13:55:44 INFO  time: compiled root in 0.79s
2024.11.28 13:55:45 WARN  Could not load snapshot text for /home/cytech/Desktop/Cloud data/actors/tp-actors-cytech/src/main/scala/RoomActor.scala
2024.11.28 13:55:45 WARN  Could not load snapshot text for /home/cytech/Desktop/Cloud data/actors/tp-actors-cytech/src/main/scala/RoomActor.scala
2024.11.28 13:55:47 INFO  compiling root (1 scala source)
2024.11.28 13:55:47 INFO  time: compiled root in 0.64s
2024.11.28 13:55:48 WARN  Could not load snapshot text for /home/cytech/Desktop/Cloud data/actors/tp-actors-cytech/src/main/scala/RoomActor.scala
2024.11.28 13:55:56 WARN  Could not load snapshot text for /home/cytech/Desktop/Cloud data/actors/tp-actors-cytech/src/main/scala/RoomActor.scala
2024.11.28 13:55:57 INFO  compiling root (1 scala source)
2024.11.28 13:55:57 INFO  time: compiled root in 0.76s
2024.11.28 13:55:58 WARN  Could not load snapshot text for /home/cytech/Desktop/Cloud data/actors/tp-actors-cytech/src/main/scala/RoomActor.scala
2024.11.28 13:55:59 INFO  compiling root (1 scala source)
2024.11.28 13:55:59 INFO  time: compiled root in 0.61s
2024.11.28 13:56:00 WARN  Could not load snapshot text for /home/cytech/Desktop/Cloud data/actors/tp-actors-cytech/src/main/scala/RoomActor.scala
2024.11.28 13:56:04 WARN  Could not load snapshot text for /home/cytech/Desktop/Cloud data/actors/tp-actors-cytech/src/main/scala/RoomActor.scala
2024.11.28 13:56:04 WARN  Could not load snapshot text for /home/cytech/Desktop/Cloud data/actors/tp-actors-cytech/src/main/scala/RoomActor.scala
2024.11.28 13:56:05 WARN  Could not load snapshot text for /home/cytech/Desktop/Cloud data/actors/tp-actors-cytech/src/main/scala/RoomActor.scala
2024.11.28 13:56:06 WARN  Could not load snapshot text for /home/cytech/Desktop/Cloud data/actors/tp-actors-cytech/src/main/scala/RoomActor.scala
2024.11.28 13:56:06 WARN  Could not load snapshot text for /home/cytech/Desktop/Cloud data/actors/tp-actors-cytech/src/main/scala/RoomActor.scala
2024.11.28 13:56:07 WARN  Could not load snapshot text for /home/cytech/Desktop/Cloud data/actors/tp-actors-cytech/src/main/scala/RoomActor.scala
2024.11.28 13:56:08 INFO  compiling root (1 scala source)
2024.11.28 13:56:09 INFO  time: compiled root in 1.7s
2024.11.28 13:57:12 INFO  compiling root (1 scala source)
2024.11.28 13:57:12 INFO  time: compiled root in 0.74s
2024.11.28 13:57:22 INFO  compiling root (1 scala source)
2024.11.28 13:57:25 INFO  time: compiled root in 2.55s
2024.11.28 13:57:25 INFO  compiling root (1 scala source)
2024.11.28 13:57:25 INFO  time: compiled root in 0.85s
2024.11.28 13:57:27 INFO  compiling root (1 scala source)
2024.11.28 13:57:29 INFO  time: compiled root in 2.25s
2024.11.28 13:57:32 INFO  compiling root (1 scala source)
2024.11.28 13:57:33 INFO  time: compiled root in 1.44s
2024.11.28 13:57:37 INFO  compiling root (1 scala source)
2024.11.28 13:57:39 INFO  time: compiled root in 2.08s
2024.11.28 13:57:39 INFO  compiling root (1 scala source)
2024.11.28 13:57:41 INFO  time: compiled root in 1.91s
2024.11.28 13:58:24 INFO  compiling root (1 scala source)
2024.11.28 13:58:26 INFO  time: compiled root in 1.84s
2024.11.28 13:58:44 INFO  compiling root (1 scala source)
2024.11.28 13:58:45 INFO  time: compiled root in 1.31s
2024.11.28 13:58:56 INFO  compiling root (1 scala source)
2024.11.28 13:58:58 INFO  time: compiled root in 1.17s
2024.11.28 13:59:05 INFO  compiling root (1 scala source)
2024.11.28 13:59:06 INFO  time: compiled root in 1.36s
2024.11.28 13:59:08 INFO  compiling root (1 scala source)
2024.11.28 13:59:09 INFO  time: compiled root in 1.2s
2024.11.28 13:59:15 INFO  compiling root (1 scala source)
2024.11.28 13:59:16 INFO  time: compiled root in 1.06s
Nov 28, 2024 2:03:34 PM org.eclipse.lsp4j.jsonrpc.RemoteEndpoint handleCancellation
WARNING: Unmatched cancel notification for request id 1088
Nov 28, 2024 2:06:40 PM org.eclipse.lsp4j.jsonrpc.RemoteEndpoint handleCancellation
WARNING: Unmatched cancel notification for request id 1138
Nov 28, 2024 2:06:40 PM org.eclipse.lsp4j.jsonrpc.RemoteEndpoint handleCancellation
WARNING: Unmatched cancel notification for request id 1139
Nov 28, 2024 2:06:40 PM org.eclipse.lsp4j.jsonrpc.RemoteEndpoint handleCancellation
WARNING: Unmatched cancel notification for request id 1142
Nov 28, 2024 2:06:41 PM org.eclipse.lsp4j.jsonrpc.RemoteEndpoint handleCancellation
WARNING: Unmatched cancel notification for request id 1144
Exception in thread "pool-7-thread-1" java.lang.InterruptedException
	at scala.meta.internal.metals.FutureCancelToken.checkCanceled(FutureCancelToken.scala:29)
	at scala.meta.internal.pc.CompilerAccess.onCompilerJobQueue$$anonfun$1(CompilerAccess.scala:244)
	at scala.meta.internal.pc.CompilerJobQueue$Job.run(CompilerJobQueue.scala:153)
	at java.base/java.util.concurrent.ThreadPoolExecutor.runWorker(ThreadPoolExecutor.java:1144)
	at java.base/java.util.concurrent.ThreadPoolExecutor$Worker.run(ThreadPoolExecutor.java:642)
	at java.base/java.lang.Thread.run(Thread.java:1583)
